<?xml version="1.0" encoding="UTF-8" ?>
<testsuite tests="5" failures="0" name="com.niit.test.CustomerUnitTest" time="0.332" errors="0" skipped="4">
  <properties>
[...]
</properties>
  <testcase classname="com.niit.test.CustomerUnitTest" name="deletingCustomerTest" time="0.278">
    <skipped/>
    <system-out>inside getH2DataSource()....
--------&gt;  Data Source is now operational  &lt;---------
 * * * * * Session Factory Bean or better to call &apos;the Spring Container&apos; has just been initalized * * * * * 
+++++ Do database manipulation of Category Model as CatogoryDAO has been enabled now!! +++++
+++++ Do database manipulation of Product Model as ProductDAO has been enabled now!! +++++
+++++ Do database manipulation of Customer Model as CustomerDAO has been enabled now!! +++++
+++++ Do database manipulation of Cart Model as CartDAO has been enabled now!! +++++
+++++ Do database manipulation of Supplier Model as SupplierDAO has been enabled now!! +++++
+++++ Do database manipulation of Category Model as CatogoryDAO has been enabled now!! +++++
(   (  ( (Transaction Tunnel has been opened for a Synchronized committed transaction with the H2 Database) )  )   )
 We are inside Before Class intantiated object!!com.niit.dao.CustomerDAOImplement@a10c1b5
</system-out>
    <system-err>Mar 08, 2018 5:13:48 PM org.springframework.context.annotation.AnnotationConfigApplicationContext prepareRefresh
INFO: Refreshing org.springframework.context.annotation.AnnotationConfigApplicationContext@28782602: startup date [Thu Mar 08 17:13:48 IST 2018]; root of context hierarchy
Mar 08, 2018 5:13:48 PM org.springframework.beans.factory.support.DefaultListableBeanFactory registerBeanDefinition
INFO: Overriding bean definition for bean &apos;categoryDAO&apos; with a different definition: replacing [Generic bean: class [com.niit.dao.CategoryDAOImplement]; scope=singleton; abstract=false; lazyInit=false; autowireMode=0; dependencyCheck=0; autowireCandidate=true; primary=false; factoryBeanName=null; factoryMethodName=null; initMethodName=null; destroyMethodName=null; defined in file [E:\dt workspace\BackendQuickStart-JUnit-MODEL\target\classes\com\niit\dao\CategoryDAOImplement.class]] with [Root bean: class [null]; scope=; abstract=false; lazyInit=false; autowireMode=3; dependencyCheck=0; autowireCandidate=true; primary=false; factoryBeanName=DBConfig; factoryMethodName=getCategoryDAO; initMethodName=null; destroyMethodName=(inferred); defined in com.niit.config.DBConfig]
Mar 08, 2018 5:13:48 PM org.springframework.jdbc.datasource.DriverManagerDataSource setDriverClassName
INFO: Loaded JDBC driver: org.h2.Driver
Mar 08, 2018 5:13:48 PM org.hibernate.dialect.Dialect &lt;init&gt;
INFO: HHH000400: Using dialect: org.hibernate.dialect.H2Dialect
Mar 08, 2018 5:13:49 PM org.hibernate.engine.transaction.internal.TransactionFactoryInitiator initiateService
INFO: HHH000399: Using default transaction strategy (direct JDBC transactions)
Mar 08, 2018 5:13:49 PM org.hibernate.hql.internal.ast.ASTQueryTranslatorFactory &lt;init&gt;
INFO: HHH000397: Using ASTQueryTranslatorFactory
Mar 08, 2018 5:13:49 PM org.hibernate.tool.hbm2ddl.SchemaUpdate execute
INFO: HHH000228: Running hbm2ddl schema update
Mar 08, 2018 5:13:49 PM org.hibernate.tool.hbm2ddl.SchemaUpdate execute
INFO: HHH000102: Fetching database metadata
Mar 08, 2018 5:13:49 PM org.hibernate.tool.hbm2ddl.SchemaUpdate execute
INFO: HHH000396: Updating schema
Mar 08, 2018 5:13:49 PM org.hibernate.tool.hbm2ddl.TableMetadata &lt;init&gt;
INFO: HHH000261: Table found: ONLINE.PUBLIC.CART
Mar 08, 2018 5:13:49 PM org.hibernate.tool.hbm2ddl.TableMetadata &lt;init&gt;
INFO: HHH000037: Columns: [quantity, productid, price, subtotal, cartid, productname, paymentstatus, username]
Mar 08, 2018 5:13:49 PM org.hibernate.tool.hbm2ddl.TableMetadata &lt;init&gt;
INFO: HHH000108: Foreign keys: []
Mar 08, 2018 5:13:49 PM org.hibernate.tool.hbm2ddl.TableMetadata &lt;init&gt;
INFO: HHH000126: Indexes: [primary_key_4]
Mar 08, 2018 5:13:49 PM org.hibernate.tool.hbm2ddl.TableMetadata &lt;init&gt;
INFO: HHH000261: Table found: ONLINE.PUBLIC.CATEGORY
Mar 08, 2018 5:13:49 PM org.hibernate.tool.hbm2ddl.TableMetadata &lt;init&gt;
INFO: HHH000037: Columns: [categorydescript, categoryname, categoryid]
Mar 08, 2018 5:13:49 PM org.hibernate.tool.hbm2ddl.TableMetadata &lt;init&gt;
INFO: HHH000108: Foreign keys: []
Mar 08, 2018 5:13:49 PM org.hibernate.tool.hbm2ddl.TableMetadata &lt;init&gt;
INFO: HHH000126: Indexes: [primary_key_3]
Mar 08, 2018 5:13:49 PM org.hibernate.tool.hbm2ddl.TableMetadata &lt;init&gt;
INFO: HHH000261: Table found: ONLINE.PUBLIC.CUSTOMER
Mar 08, 2018 5:13:49 PM org.hibernate.tool.hbm2ddl.TableMetadata &lt;init&gt;
INFO: HHH000037: Columns: [role, customercountry, customerstate, customeraddress, customerfname, enabled, customeremail, password, customerlname, customerid, customermobile, customercity, username]
Mar 08, 2018 5:13:49 PM org.hibernate.tool.hbm2ddl.TableMetadata &lt;init&gt;
INFO: HHH000108: Foreign keys: []
Mar 08, 2018 5:13:49 PM org.hibernate.tool.hbm2ddl.TableMetadata &lt;init&gt;
INFO: HHH000126: Indexes: [primary_key_5]
Mar 08, 2018 5:13:49 PM org.hibernate.tool.hbm2ddl.TableMetadata &lt;init&gt;
INFO: HHH000261: Table found: ONLINE.PUBLIC.ORDERDETAIL
Mar 08, 2018 5:13:49 PM org.hibernate.tool.hbm2ddl.TableMetadata &lt;init&gt;
INFO: HHH000037: Columns: [totalamt, cardid, paymode, shippingaddr, orderdate, username]
Mar 08, 2018 5:13:49 PM org.hibernate.tool.hbm2ddl.TableMetadata &lt;init&gt;
INFO: HHH000108: Foreign keys: []
Mar 08, 2018 5:13:49 PM org.hibernate.tool.hbm2ddl.TableMetadata &lt;init&gt;
INFO: HHH000126: Indexes: [primary_key_f]
Mar 08, 2018 5:13:49 PM org.hibernate.tool.hbm2ddl.TableMetadata &lt;init&gt;
INFO: HHH000261: Table found: ONLINE.PUBLIC.PRODUCT
Mar 08, 2018 5:13:49 PM org.hibernate.tool.hbm2ddl.TableMetadata &lt;init&gt;
INFO: HHH000037: Columns: [quantity, supplierid, productid, productname, productprice, categoryid, productdesc]
Mar 08, 2018 5:13:49 PM org.hibernate.tool.hbm2ddl.TableMetadata &lt;init&gt;
INFO: HHH000108: Foreign keys: []
Mar 08, 2018 5:13:49 PM org.hibernate.tool.hbm2ddl.TableMetadata &lt;init&gt;
INFO: HHH000126: Indexes: [primary_key_18]
Mar 08, 2018 5:13:49 PM org.hibernate.tool.hbm2ddl.TableMetadata &lt;init&gt;
INFO: HHH000261: Table found: ONLINE.PUBLIC.SUPPLIER
Mar 08, 2018 5:13:49 PM org.hibernate.tool.hbm2ddl.TableMetadata &lt;init&gt;
INFO: HHH000037: Columns: [suppliername, supplierid, supplieraddress]
Mar 08, 2018 5:13:49 PM org.hibernate.tool.hbm2ddl.TableMetadata &lt;init&gt;
INFO: HHH000108: Foreign keys: []
Mar 08, 2018 5:13:49 PM org.hibernate.tool.hbm2ddl.TableMetadata &lt;init&gt;
INFO: HHH000126: Indexes: [primary_key_c]
Mar 08, 2018 5:13:49 PM org.hibernate.tool.hbm2ddl.SchemaUpdate execute
INFO: HHH000232: Schema update complete
Mar 08, 2018 5:13:49 PM org.springframework.orm.hibernate4.HibernateTransactionManager afterPropertiesSet
INFO: Using DataSource [org.springframework.jdbc.datasource.DriverManagerDataSource@757194dc] of Hibernate SessionFactory for HibernateTransactionManager
</system-err>
  </testcase>
  <testcase classname="com.niit.test.CustomerUnitTest" name="listCustomersTest" time="0.01"/>
  <testcase classname="com.niit.test.CustomerUnitTest" name="updateCustomerTest" time="0.01">
    <skipped/>
  </testcase>
  <testcase classname="com.niit.test.CustomerUnitTest" name="gettingCustomerTest" time="0.017">
    <skipped/>
  </testcase>
  <testcase classname="com.niit.test.CustomerUnitTest" name="addingCustomerTest" time="0.017">
    <skipped/>
  </testcase>
</testsuite>