<?xml version="1.0" encoding="UTF-8" ?>
<testsuite failures="0" time="3.171" errors="0" skipped="4" tests="5" name="com.niit.test.CategoryUnitTest">
  <properties>
[...]
</properties>
  <testcase time="1.356" classname="com.niit.test.CategoryUnitTest" name="deletingCategoryTest">
    <skipped/>
    <system-out>--------&gt;  Data Source is now operational  &lt;---------
 * * * * * Session Factory Bean or better to call &apos;the Spring Container&apos; has just been initalized * * * * * 
+++++ Do database manipulation of Category Model as CatogoryDAO has been enabled now!! +++++
+++++ Do database manipulation of Product Model as ProductDAO has been enabled now!! +++++
+++++ Do database manipulation of Customer Model as CustomerDAO has been enabled now!! +++++
+++++ Do database manipulation of Cart Model as CartDAO has been enabled now!! +++++
+++++ Do database manipulation of Supplier Model as SupplierDAO has been enabled now!! +++++
(   (  ( (Transaction Tunnel has been opened for a Synchronized committed transaction with the H2 Database) )  )   )
 We are inside Before Class intantiated object!!com.niit.dao.CategoryDAOImplement@204d6e7b
</system-out>
    <system-err>Feb 17, 2018 4:14:11 PM org.springframework.context.annotation.AnnotationConfigApplicationContext prepareRefresh
INFO: Refreshing org.springframework.context.annotation.AnnotationConfigApplicationContext@4f432acf: startup date [Sat Feb 17 16:14:11 IST 2018]; root of context hierarchy
Feb 17, 2018 4:14:11 PM org.springframework.beans.factory.support.DefaultListableBeanFactory registerBeanDefinition
INFO: Overriding bean definition for bean &apos;categoryDAO&apos; with a different definition: replacing [Generic bean: class [com.niit.dao.CategoryDAOImplement]; scope=singleton; abstract=false; lazyInit=false; autowireMode=0; dependencyCheck=0; autowireCandidate=true; primary=false; factoryBeanName=null; factoryMethodName=null; initMethodName=null; destroyMethodName=null; defined in file [K:\mcg\DT\BackendQuickStart-JUnit-MODEL\target\classes\com\niit\dao\CategoryDAOImplement.class]] with [Root bean: class [null]; scope=; abstract=false; lazyInit=false; autowireMode=3; dependencyCheck=0; autowireCandidate=true; primary=false; factoryBeanName=DBConfig; factoryMethodName=getCategoryDAO; initMethodName=null; destroyMethodName=(inferred); defined in com.niit.config.DBConfig]
Feb 17, 2018 4:14:11 PM org.springframework.jdbc.datasource.DriverManagerDataSource setDriverClassName
INFO: Loaded JDBC driver: org.h2.Driver
Feb 17, 2018 4:14:11 PM org.hibernate.annotations.common.reflection.java.JavaReflectionManager &lt;clinit&gt;
INFO: HCANN000001: Hibernate Commons Annotations {4.0.4.Final}
Feb 17, 2018 4:14:11 PM org.hibernate.Version logVersion
INFO: HHH000412: Hibernate Core {4.3.5.Final}
Feb 17, 2018 4:14:11 PM org.hibernate.cfg.Environment &lt;clinit&gt;
INFO: HHH000206: hibernate.properties not found
Feb 17, 2018 4:14:11 PM org.hibernate.cfg.Environment buildBytecodeProvider
INFO: HHH000021: Bytecode provider name : javassist
Feb 17, 2018 4:14:11 PM org.hibernate.dialect.Dialect &lt;init&gt;
INFO: HHH000400: Using dialect: org.hibernate.dialect.H2Dialect
Feb 17, 2018 4:14:12 PM org.hibernate.engine.transaction.internal.TransactionFactoryInitiator initiateService
INFO: HHH000399: Using default transaction strategy (direct JDBC transactions)
Feb 17, 2018 4:14:12 PM org.hibernate.hql.internal.ast.ASTQueryTranslatorFactory &lt;init&gt;
INFO: HHH000397: Using ASTQueryTranslatorFactory
Feb 17, 2018 4:14:12 PM org.hibernate.tool.hbm2ddl.SchemaUpdate execute
INFO: HHH000228: Running hbm2ddl schema update
Feb 17, 2018 4:14:12 PM org.hibernate.tool.hbm2ddl.SchemaUpdate execute
INFO: HHH000102: Fetching database metadata
Feb 17, 2018 4:14:12 PM org.hibernate.tool.hbm2ddl.SchemaUpdate execute
INFO: HHH000396: Updating schema
Feb 17, 2018 4:14:12 PM org.hibernate.tool.hbm2ddl.TableMetadata &lt;init&gt;
INFO: HHH000261: Table found: ONLINE.PUBLIC.CART
Feb 17, 2018 4:14:12 PM org.hibernate.tool.hbm2ddl.TableMetadata &lt;init&gt;
INFO: HHH000037: Columns: [price, cartid, productid, quantity, productname]
Feb 17, 2018 4:14:12 PM org.hibernate.tool.hbm2ddl.TableMetadata &lt;init&gt;
INFO: HHH000108: Foreign keys: []
Feb 17, 2018 4:14:12 PM org.hibernate.tool.hbm2ddl.TableMetadata &lt;init&gt;
INFO: HHH000126: Indexes: [primary_key_1]
Feb 17, 2018 4:14:12 PM org.hibernate.tool.hbm2ddl.TableMetadata &lt;init&gt;
INFO: HHH000261: Table found: ONLINE.PUBLIC.CATEGORY
Feb 17, 2018 4:14:12 PM org.hibernate.tool.hbm2ddl.TableMetadata &lt;init&gt;
INFO: HHH000037: Columns: [categoryid, categoryname, categorydescript]
Feb 17, 2018 4:14:12 PM org.hibernate.tool.hbm2ddl.TableMetadata &lt;init&gt;
INFO: HHH000108: Foreign keys: []
Feb 17, 2018 4:14:12 PM org.hibernate.tool.hbm2ddl.TableMetadata &lt;init&gt;
INFO: HHH000126: Indexes: [primary_key_3]
Feb 17, 2018 4:14:12 PM org.hibernate.tool.hbm2ddl.TableMetadata &lt;init&gt;
INFO: HHH000261: Table found: ONLINE.PUBLIC.CUSTOMER
Feb 17, 2018 4:14:12 PM org.hibernate.tool.hbm2ddl.TableMetadata &lt;init&gt;
INFO: HHH000037: Columns: [customeremail, customerfname, customercountry, customerid, customerlname, customerstate, customercity, customeraddress, customermobile]
Feb 17, 2018 4:14:12 PM org.hibernate.tool.hbm2ddl.TableMetadata &lt;init&gt;
INFO: HHH000108: Foreign keys: []
Feb 17, 2018 4:14:12 PM org.hibernate.tool.hbm2ddl.TableMetadata &lt;init&gt;
INFO: HHH000126: Indexes: [primary_key_5]
Feb 17, 2018 4:14:12 PM org.hibernate.tool.hbm2ddl.TableMetadata &lt;init&gt;
INFO: HHH000261: Table found: ONLINE.PUBLIC.PRODUCT
Feb 17, 2018 4:14:12 PM org.hibernate.tool.hbm2ddl.TableMetadata &lt;init&gt;
INFO: HHH000037: Columns: [categoryid, productid, quantity, productdesc, supplierid, productprice, productname]
Feb 17, 2018 4:14:12 PM org.hibernate.tool.hbm2ddl.TableMetadata &lt;init&gt;
INFO: HHH000108: Foreign keys: []
Feb 17, 2018 4:14:12 PM org.hibernate.tool.hbm2ddl.TableMetadata &lt;init&gt;
INFO: HHH000126: Indexes: [primary_key_18]
Feb 17, 2018 4:14:12 PM org.hibernate.tool.hbm2ddl.TableMetadata &lt;init&gt;
INFO: HHH000261: Table found: ONLINE.PUBLIC.SUPPLIER
Feb 17, 2018 4:14:12 PM org.hibernate.tool.hbm2ddl.TableMetadata &lt;init&gt;
INFO: HHH000037: Columns: [supplieraddress, suppliername, supplierid]
Feb 17, 2018 4:14:12 PM org.hibernate.tool.hbm2ddl.TableMetadata &lt;init&gt;
INFO: HHH000108: Foreign keys: []
Feb 17, 2018 4:14:12 PM org.hibernate.tool.hbm2ddl.TableMetadata &lt;init&gt;
INFO: HHH000126: Indexes: [primary_key_c]
Feb 17, 2018 4:14:12 PM org.hibernate.tool.hbm2ddl.SchemaUpdate execute
INFO: HHH000232: Schema update complete
Feb 17, 2018 4:14:12 PM org.springframework.orm.hibernate4.HibernateTransactionManager afterPropertiesSet
INFO: Using DataSource [org.springframework.jdbc.datasource.DriverManagerDataSource@93bf890] of Hibernate SessionFactory for HibernateTransactionManager
</system-err>
  </testcase>
  <testcase time="1.356" classname="com.niit.test.CategoryUnitTest" name="updateCategoryTest">
    <skipped/>
  </testcase>
  <testcase time="0.153" classname="com.niit.test.CategoryUnitTest" name="listCategoriesTest"/>
  <testcase time="0.153" classname="com.niit.test.CategoryUnitTest" name="gettingCategoryTest">
    <skipped/>
  </testcase>
  <testcase time="0.153" classname="com.niit.test.CategoryUnitTest" name="addingCategoryTest">
    <skipped/>
  </testcase>
</testsuite>