<?xml version="1.0" encoding="UTF-8" ?>
<testsuite failures="0" time="3.422" errors="0" skipped="4" tests="5" name="com.niit.test.CategoryUnitTest">
  <properties>
[...]
</properties>
  <testcase time="1.466" classname="com.niit.test.CategoryUnitTest" name="deletingCategoryTest">
    <skipped/>
    <system-out>inside getH2DataSource()....
--------&gt;  Data Source is now operational  &lt;---------
 * * * * * Session Factory Bean or better to call &apos;the Spring Container&apos; has just been initalized * * * * * 
+++++ Do database manipulation of Category Model as CatogoryDAO has been enabled now!! +++++
+++++ Do database manipulation of Product Model as ProductDAO has been enabled now!! +++++
+++++ Do database manipulation of Customer Model as CustomerDAO has been enabled now!! +++++
+++++ Do database manipulation of Cart Model as CartDAO has been enabled now!! +++++
+++++ Do database manipulation of Supplier Model as SupplierDAO has been enabled now!! +++++
(   (  ( (Transaction Tunnel has been opened for a Synchronized committed transaction with the H2 Database) )  )   )
 We are inside Before Class intantiated object!!com.niit.dao.CategoryDAOImplement@5151b46
</system-out>
    <system-err>Mar 01, 2018 3:28:31 PM org.springframework.context.annotation.AnnotationConfigApplicationContext prepareRefresh
INFO: Refreshing org.springframework.context.annotation.AnnotationConfigApplicationContext@1b8f2e35: startup date [Thu Mar 01 15:28:31 IST 2018]; root of context hierarchy
Mar 01, 2018 3:28:31 PM org.springframework.beans.factory.support.DefaultListableBeanFactory registerBeanDefinition
INFO: Overriding bean definition for bean &apos;categoryDAO&apos; with a different definition: replacing [Generic bean: class [com.niit.dao.CategoryDAOImplement]; scope=singleton; abstract=false; lazyInit=false; autowireMode=0; dependencyCheck=0; autowireCandidate=true; primary=false; factoryBeanName=null; factoryMethodName=null; initMethodName=null; destroyMethodName=null; defined in file [K:\mcg\DT\BackendQuickStart-JUnit-MODEL\target\classes\com\niit\dao\CategoryDAOImplement.class]] with [Root bean: class [null]; scope=; abstract=false; lazyInit=false; autowireMode=3; dependencyCheck=0; autowireCandidate=true; primary=false; factoryBeanName=DBConfig; factoryMethodName=getCategoryDAO; initMethodName=null; destroyMethodName=(inferred); defined in com.niit.config.DBConfig]
Mar 01, 2018 3:28:31 PM org.springframework.jdbc.datasource.DriverManagerDataSource setDriverClassName
INFO: Loaded JDBC driver: org.h2.Driver
Mar 01, 2018 3:28:31 PM org.hibernate.annotations.common.reflection.java.JavaReflectionManager &lt;clinit&gt;
INFO: HCANN000001: Hibernate Commons Annotations {4.0.4.Final}
Mar 01, 2018 3:28:31 PM org.hibernate.Version logVersion
INFO: HHH000412: Hibernate Core {4.3.5.Final}
Mar 01, 2018 3:28:31 PM org.hibernate.cfg.Environment &lt;clinit&gt;
INFO: HHH000206: hibernate.properties not found
Mar 01, 2018 3:28:31 PM org.hibernate.cfg.Environment buildBytecodeProvider
INFO: HHH000021: Bytecode provider name : javassist
Mar 01, 2018 3:28:32 PM org.hibernate.dialect.Dialect &lt;init&gt;
INFO: HHH000400: Using dialect: org.hibernate.dialect.H2Dialect
Mar 01, 2018 3:28:32 PM org.hibernate.engine.transaction.internal.TransactionFactoryInitiator initiateService
INFO: HHH000399: Using default transaction strategy (direct JDBC transactions)
Mar 01, 2018 3:28:32 PM org.hibernate.hql.internal.ast.ASTQueryTranslatorFactory &lt;init&gt;
INFO: HHH000397: Using ASTQueryTranslatorFactory
Mar 01, 2018 3:28:32 PM org.hibernate.tool.hbm2ddl.SchemaUpdate execute
INFO: HHH000228: Running hbm2ddl schema update
Mar 01, 2018 3:28:32 PM org.hibernate.tool.hbm2ddl.SchemaUpdate execute
INFO: HHH000102: Fetching database metadata
Mar 01, 2018 3:28:32 PM org.hibernate.tool.hbm2ddl.SchemaUpdate execute
INFO: HHH000396: Updating schema
Mar 01, 2018 3:28:32 PM org.hibernate.tool.hbm2ddl.TableMetadata &lt;init&gt;
INFO: HHH000261: Table found: ONLINE.PUBLIC.CART
Mar 01, 2018 3:28:32 PM org.hibernate.tool.hbm2ddl.TableMetadata &lt;init&gt;
INFO: HHH000037: Columns: [price, cartid, productid, quantity, productname]
Mar 01, 2018 3:28:32 PM org.hibernate.tool.hbm2ddl.TableMetadata &lt;init&gt;
INFO: HHH000108: Foreign keys: []
Mar 01, 2018 3:28:32 PM org.hibernate.tool.hbm2ddl.TableMetadata &lt;init&gt;
INFO: HHH000126: Indexes: [primary_key_1]
Mar 01, 2018 3:28:32 PM org.hibernate.tool.hbm2ddl.TableMetadata &lt;init&gt;
INFO: HHH000261: Table found: ONLINE.PUBLIC.CATEGORY
Mar 01, 2018 3:28:32 PM org.hibernate.tool.hbm2ddl.TableMetadata &lt;init&gt;
INFO: HHH000037: Columns: [categoryid, categoryname, categorydescript]
Mar 01, 2018 3:28:32 PM org.hibernate.tool.hbm2ddl.TableMetadata &lt;init&gt;
INFO: HHH000108: Foreign keys: []
Mar 01, 2018 3:28:32 PM org.hibernate.tool.hbm2ddl.TableMetadata &lt;init&gt;
INFO: HHH000126: Indexes: [primary_key_3]
Mar 01, 2018 3:28:32 PM org.hibernate.tool.hbm2ddl.TableMetadata &lt;init&gt;
INFO: HHH000261: Table found: ONLINE.PUBLIC.CUSTOMER
Mar 01, 2018 3:28:32 PM org.hibernate.tool.hbm2ddl.TableMetadata &lt;init&gt;
INFO: HHH000037: Columns: [enabled, customerfname, customercountry, customerlname, customerstate, customeraddress, password, customermobile, customeremail, username, customerid, customercity, role]
Mar 01, 2018 3:28:32 PM org.hibernate.tool.hbm2ddl.TableMetadata &lt;init&gt;
INFO: HHH000108: Foreign keys: []
Mar 01, 2018 3:28:32 PM org.hibernate.tool.hbm2ddl.TableMetadata &lt;init&gt;
INFO: HHH000126: Indexes: [primary_key_5]
Mar 01, 2018 3:28:32 PM org.hibernate.tool.hbm2ddl.TableMetadata &lt;init&gt;
INFO: HHH000261: Table found: ONLINE.PUBLIC.PRODUCT
Mar 01, 2018 3:28:32 PM org.hibernate.tool.hbm2ddl.TableMetadata &lt;init&gt;
INFO: HHH000037: Columns: [categoryid, productid, quantity, productdesc, supplierid, productprice, productname]
Mar 01, 2018 3:28:32 PM org.hibernate.tool.hbm2ddl.TableMetadata &lt;init&gt;
INFO: HHH000108: Foreign keys: []
Mar 01, 2018 3:28:32 PM org.hibernate.tool.hbm2ddl.TableMetadata &lt;init&gt;
INFO: HHH000126: Indexes: [primary_key_18]
Mar 01, 2018 3:28:32 PM org.hibernate.tool.hbm2ddl.TableMetadata &lt;init&gt;
INFO: HHH000261: Table found: ONLINE.PUBLIC.SUPPLIER
Mar 01, 2018 3:28:32 PM org.hibernate.tool.hbm2ddl.TableMetadata &lt;init&gt;
INFO: HHH000037: Columns: [supplieraddress, suppliername, supplierid]
Mar 01, 2018 3:28:32 PM org.hibernate.tool.hbm2ddl.TableMetadata &lt;init&gt;
INFO: HHH000108: Foreign keys: []
Mar 01, 2018 3:28:32 PM org.hibernate.tool.hbm2ddl.TableMetadata &lt;init&gt;
INFO: HHH000126: Indexes: [primary_key_c]
Mar 01, 2018 3:28:32 PM org.hibernate.tool.hbm2ddl.SchemaUpdate execute
INFO: HHH000232: Schema update complete
Mar 01, 2018 3:28:32 PM org.springframework.orm.hibernate4.HibernateTransactionManager afterPropertiesSet
INFO: Using DataSource [org.springframework.jdbc.datasource.DriverManagerDataSource@4bc107f4] of Hibernate SessionFactory for HibernateTransactionManager
</system-err>
  </testcase>
  <testcase time="1.467" classname="com.niit.test.CategoryUnitTest" name="updateCategoryTest">
    <skipped/>
  </testcase>
  <testcase time="0.163" classname="com.niit.test.CategoryUnitTest" name="listCategoriesTest"/>
  <testcase time="0.163" classname="com.niit.test.CategoryUnitTest" name="gettingCategoryTest">
    <skipped/>
  </testcase>
  <testcase time="0.163" classname="com.niit.test.CategoryUnitTest" name="addingCategoryTest">
    <skipped/>
  </testcase>
</testsuite>